{"uid":"14c495cbe02bcf63","name":"test_payment_patent[77 2204315437-\\u0410\\u0411\\u0414\\u0423\\u0420\\u041e\\u0421\\u0423\\u041b\\u041e\\u0412-\\u0414\\u041e\\u0421\\u0422\\u041e\\u041d-971510764678-FA6169953-01.01.2020]","fullName":"tests.test_payment_patent.TestPaymentPatent#test_payment_patent","historyId":"5e30abfdc136ce12696d3feeb6df5cb5","time":{"start":1721905854127,"stop":1721905876663,"duration":22536},"status":"broken","statusMessage":"selenium.common.exceptions.TimeoutException: Message: \nStacktrace:\nNoSuchElementError: An element could not be located on the page using the given search parameters.\n    at AndroidUiautomator2Driver.findElOrEls (C:\\Program Files\\Appium Server GUI\\resources\\app\\node_modules\\appium\\node_modules\\appium-android-driver\\lib\\commands\\find.js:75:11)\n    at runMicrotasks (<anonymous>)\n    at processTicksAndRejections (internal/process/task_queues.js:97:5)\n    at AndroidUiautomator2Driver.findElOrElsWithProcessing (C:\\Program Files\\Appium Server GUI\\resources\\app\\node_modules\\appium\\node_modules\\appium-base-driver\\lib\\basedriver\\commands\\find.js:33:12)\n    at AndroidUiautomator2Driver.findElement (C:\\Program Files\\Appium Server GUI\\resources\\app\\node_modules\\appium\\node_modules\\appium-base-driver\\lib\\basedriver\\commands\\find.js:53:10)","statusTrace":"self = <test_payment_patent.TestPaymentPatent object at 0x000001B9D9C0A8E0>\nappium_driver = <appium.webdriver.webdriver.WebDriver (session=\"1bf680bc-91ad-4bd9-aba6-3e784ce6046a\")>, series_number = '77 2204315437'\nlast_name = 'АБДУРОСУЛОВ', name = 'ДОСТОН', inn = '971510764678', passport = 'FA6169953', date_of_issue_patent = '01.01.2020'\n\n    @allure.feature('Проверка оплаты патента')\n    @pytest.mark.parametrize(\"series_number, last_name, name, inn, passport, date_of_issue_patent\", [\n        ('77 2204315437', 'АБДУРОСУЛОВ', 'ДОСТОН', '971510764678', 'FA6169953', '01.01.2020')\n    ])\n    def test_payment_patent(self, appium_driver, series_number, last_name, name, inn, passport, date_of_issue_patent):\n        start_page = StartPage(appium_driver)\n        patent_page = PatentPage(appium_driver)\n        payments_page = PaymentsPage(appium_driver)\n    \n        start_page.go_to_payments()\n        payments_page.go_to_payment_patent()\n        if not patent_page.check_saved_patent(series_number):\n>           patent_page.set_patent_series_number(series_number)\n\ntests\\test_payment_patent.py:22: \n_ _ _ _ _ _ _ _ _ _ _ _ _ _ _ _ _ _ _ _ _ _ _ _ _ _ _ _ _ _ _ _ _ _ _ _ _ _ _ _ _ _ _ _ _ _ _ _ _ _ _ _ _ _ _ _ _ _ _ _ _ _ _ _ _ _ _ _ _ _ _ _ _ _ _ _\npages\\payments\\patent_page.py:24: in set_patent_series_number\n    patent_input = self._helpers.wait_for_element(\nutils\\appium_helpers.py:14: in wait_for_element\n    return WebDriverWait(self._driver, timeout).until(\n_ _ _ _ _ _ _ _ _ _ _ _ _ _ _ _ _ _ _ _ _ _ _ _ _ _ _ _ _ _ _ _ _ _ _ _ _ _ _ _ _ _ _ _ _ _ _ _ _ _ _ _ _ _ _ _ _ _ _ _ _ _ _ _ _ _ _ _ _ _ _ _ _ _ _ _\n\nself = <selenium.webdriver.support.wait.WebDriverWait (session=\"1bf680bc-91ad-4bd9-aba6-3e784ce6046a\")>\nmethod = <function visibility_of_element_located.<locals>._predicate at 0x000001B9D9BCE790>, message = ''\n\n    def until(self, method: Callable[[D], Union[Literal[False], T]], message: str = \"\") -> T:\n        \"\"\"Calls the method provided with the driver as an argument until the \\\n        return value does not evaluate to ``False``.\n    \n        :param method: callable(WebDriver)\n        :param message: optional message for :exc:`TimeoutException`\n        :returns: the result of the last call to `method`\n        :raises: :exc:`selenium.common.exceptions.TimeoutException` if timeout occurs\n        \"\"\"\n        screen = None\n        stacktrace = None\n    \n        end_time = time.monotonic() + self._timeout\n        while True:\n            try:\n                value = method(self._driver)\n                if value:\n                    return value\n            except self._ignored_exceptions as exc:\n                screen = getattr(exc, \"screen\", None)\n                stacktrace = getattr(exc, \"stacktrace\", None)\n            time.sleep(self._poll)\n            if time.monotonic() > end_time:\n                break\n>       raise TimeoutException(message, screen, stacktrace)\nE       selenium.common.exceptions.TimeoutException: Message: \nE       Stacktrace:\nE       NoSuchElementError: An element could not be located on the page using the given search parameters.\nE           at AndroidUiautomator2Driver.findElOrEls (C:\\Program Files\\Appium Server GUI\\resources\\app\\node_modules\\appium\\node_modules\\appium-android-driver\\lib\\commands\\find.js:75:11)\nE           at runMicrotasks (<anonymous>)\nE           at processTicksAndRejections (internal/process/task_queues.js:97:5)\nE           at AndroidUiautomator2Driver.findElOrElsWithProcessing (C:\\Program Files\\Appium Server GUI\\resources\\app\\node_modules\\appium\\node_modules\\appium-base-driver\\lib\\basedriver\\commands\\find.js:33:12)\nE           at AndroidUiautomator2Driver.findElement (C:\\Program Files\\Appium Server GUI\\resources\\app\\node_modules\\appium\\node_modules\\appium-base-driver\\lib\\basedriver\\commands\\find.js:53:10)\n\n.venv\\lib\\site-packages\\selenium\\webdriver\\support\\wait.py:105: TimeoutException","flaky":false,"newFailed":false,"newBroken":false,"newPassed":false,"retriesCount":0,"retriesStatusChange":false,"beforeStages":[{"name":"appium_driver","time":{"start":1721905843120,"stop":1721905854126,"duration":11006},"status":"passed","steps":[],"attachments":[],"parameters":[],"attachmentsCount":0,"shouldDisplayMessage":false,"hasContent":false,"stepsCount":0,"attachmentStep":false}],"afterStages":[{"name":"appium_driver::0","time":{"start":1721905876807,"stop":1721905877062,"duration":255},"status":"passed","steps":[],"attachments":[],"parameters":[],"attachmentsCount":0,"shouldDisplayMessage":false,"hasContent":false,"stepsCount":0,"attachmentStep":false}],"labels":[{"name":"feature","value":"Проверка оплаты патента"},{"name":"parentSuite","value":"tests"},{"name":"suite","value":"test_payment_patent"},{"name":"subSuite","value":"TestPaymentPatent"},{"name":"host","value":"Pixta-comp"},{"name":"thread","value":"10564-MainThread"},{"name":"framework","value":"pytest"},{"name":"language","value":"cpython3"},{"name":"package","value":"tests.test_payment_patent"},{"name":"resultFormat","value":"allure2"}],"parameters":[{"name":"date_of_issue_patent","value":"'01.01.2020'"},{"name":"inn","value":"'971510764678'"},{"name":"last_name","value":"'АБДУРОСУЛОВ'"},{"name":"name","value":"'ДОСТОН'"},{"name":"passport","value":"'FA6169953'"},{"name":"series_number","value":"'77 2204315437'"}],"links":[],"hidden":false,"retry":false,"extra":{"severity":"normal","retries":[],"categories":[{"name":"Test defects","matchedStatuses":[],"flaky":false}],"tags":[]},"source":"14c495cbe02bcf63.json","parameterValues":["'01.01.2020'","'971510764678'","'АБДУРОСУЛОВ'","'ДОСТОН'","'FA6169953'","'77 2204315437'"]}